<?xml version="1.0" encoding="UTF-8"?>
<!-- Generated by org.testng.reporters.JUnitReportReporter -->
<testsuite skipped="0" hostname="DESKTOP-DVCRU23" name="com.blazedemo.TestCases.BlazeTestCases" tests="1" failures="0" timestamp="2021-05-29T09:20:28 IST" time="9.896" errors="0">
  <testcase name="selectCity" time="9.896" classname="com.blazedemo.TestCases.BlazeTestCases"/>
  <system-out/>
</testsuite> <!-- com.blazedemo.TestCases.BlazeTestCases -->
