<?xml version="1.0" encoding="UTF-8"?>
<!-- Generated by org.testng.reporters.JUnitReportReporter -->
<testsuite hostname="DESKTOP-DVCRU23" name="com.blazedemo.TestCases.BlazeTestCases" tests="1" failures="0" timestamp="29 May 2021 03:52:34 GMT" time="10.560" errors="0">
  <testcase name="selectCity" time="10.560" classname="com.blazedemo.TestCases.BlazeTestCases"/>
</testsuite> <!-- com.blazedemo.TestCases.BlazeTestCases -->
